<?xml version="1.0" encoding="UTF-8"?>
<testng-results skipped="0" failed="0" ignored="0" total="1" passed="1">
  <reporter-output>
  </reporter-output>
  <suite name="Surefire suite" duration-ms="32" started-at="2022-04-01T12:11:18 IST" finished-at="2022-04-01T12:11:18 IST">
    <groups>
    </groups>
    <test name="Surefire test" duration-ms="32" started-at="2022-04-01T12:11:18 IST" finished-at="2022-04-01T12:11:18 IST">
      <class name="test.AppTest">
        <test-method status="PASS" signature="addtest()[pri:0, instance:test.AppTest@53b32d7]" name="addtest" duration-ms="7" started-at="2022-04-01T12:11:18 IST" finished-at="2022-04-01T12:11:18 IST">
          <reporter-output>
          </reporter-output>
        </test-method> <!-- addtest -->
      </class> <!-- test.AppTest -->
    </test> <!-- Surefire test -->
  </suite> <!-- Surefire suite -->
</testng-results>
