<?xml version="1.0" encoding="UTF-8"?>
<testng-results skipped="0" failed="0" total="1" passed="1">
  <reporter-output>
  </reporter-output>
  <suite name="Default suite" duration-ms="21" started-at="2022-03-30T14:14:40Z" finished-at="2022-03-30T14:14:40Z">
    <groups>
    </groups>
    <test name="Default test" duration-ms="21" started-at="2022-03-30T14:14:40Z" finished-at="2022-03-30T14:14:40Z">
      <class name="test.AppTest">
        <test-method status="PASS" signature="addtest()[pri:0, instance:test.AppTest@31b7dea0]" name="addtest" duration-ms="10" started-at="2022-03-30T19:44:40Z" finished-at="2022-03-30T19:44:40Z">
          <reporter-output>
          </reporter-output>
        </test-method> <!-- addtest -->
      </class> <!-- test.AppTest -->
    </test> <!-- Default test -->
  </suite> <!-- Default suite -->
</testng-results>
