<?xml version="1.0" encoding="UTF-8"?>
<testng-results skipped="0" failed="0" ignored="0" total="1" passed="1">
  <reporter-output>
  </reporter-output>
  <suite name="Default suite" duration-ms="31" started-at="2022-03-31T17:06:23 IST" finished-at="2022-03-31T17:06:23 IST">
    <groups>
    </groups>
    <test name="Default test" duration-ms="31" started-at="2022-03-31T17:06:23 IST" finished-at="2022-03-31T17:06:23 IST">
      <class name="test.AppTest">
        <test-method status="PASS" signature="addtest()[pri:0, instance:test.AppTest@1f554b06]" name="addtest" duration-ms="15" started-at="2022-03-31T17:06:23 IST" finished-at="2022-03-31T17:06:23 IST">
          <reporter-output>
          </reporter-output>
        </test-method> <!-- addtest -->
      </class> <!-- test.AppTest -->
    </test> <!-- Default test -->
  </suite> <!-- Default suite -->
</testng-results>
